{
  "0 debug pnpm:scope": {
    "selected": 1,
    "workspacePrefix": "/Users/jakehassel/workspace/cubejs-dashboard"
  },
  "1 error pnpm": {
    "errno": 1,
    "code": "ELIFECYCLE",
    "pkgid": "cubejs-dashboard@0.0.1",
    "stage": "start:backend",
    "script": "pnpm --filter cube-backend dev",
    "pkgname": "cubejs-dashboard",
    "err": {
      "name": "pnpm",
      "message": "cubejs-dashboard@0.0.1 start:backend: `pnpm --filter cube-backend dev`\nExit status 1",
      "code": "ELIFECYCLE",
      "stack": "pnpm: cubejs-dashboard@0.0.1 start:backend: `pnpm --filter cube-backend dev`\nExit status 1\n    at EventEmitter.<anonymous> (/opt/homebrew/Cellar/pnpm/6.29.1/libexec/lib/node_modules/pnpm/dist/pnpm.cjs:105646:20)\n    at EventEmitter.emit (node:events:390:28)\n    at ChildProcess.<anonymous> (/opt/homebrew/Cellar/pnpm/6.29.1/libexec/lib/node_modules/pnpm/dist/pnpm.cjs:92194:18)\n    at ChildProcess.emit (node:events:390:28)\n    at maybeClose (node:internal/child_process:1064:16)\n    at Process.ChildProcess._handle.onexit (node:internal/child_process:301:5)"
    }
  },
  "2 warn pnpm:global": " Local package.json exists, but node_modules missing, did you mean to install?"
}